* Checking for deprecated package usage... OK
* Checking for remote package usage... OK
* Checking for 'LazyData: true' usage...
* NOTE: 'LazyData:' in the 'DESCRIPTION' should be set to false or removed
* Checking version number... OK
* Checking version number validity...
* ERROR: Invalid package Version, see https://contributions.bioconductor.org/versionnum.html
* Checking R version dependency...
* NOTE: Update R version dependency from 2.10 to 4.2.0.
* Checking package size... OK
* Checking individual file sizes... OK
* Checking biocViews... OK
* Checking that biocViews are present...
* ERROR: No biocViews terms found.
* Checking build system compatibility... OK
* Checking for blank lines in DESCRIPTION... OK
* Checking if DESCRIPTION is well formatted... OK
* Checking for proper Description: field... OK
* Checking for whitespace in DESCRIPTION field names... OK
* Checking that Package field matches directory/tarball name... OK
* Checking for Version field... OK
* Checking for valid maintainer... OK
* Checking License: for restrictive use... OK
* Checking for pinned package versions... OK
* Checking DESCRIPTION/NAMESPACE consistency...
* WARNING: Import cowplot, dplyr, ggplot2, magrittr, pheatmap, RColorBrewer, WGCNA in NAMESPACE as well as DESCRIPTION.
* Checking .Rbuildignore... OK
* Checking for stray BiocCheck output folders... OK
* Checking vignette directory...
* NOTE:  'sessionInfo' not found in vignette(s)
Missing from file(s):
vignettes/OmniCorr.Rmd
* Checking package installation calls in R code... OK
* Checking for library/require of OmniCorr... OK
* Checking coding practice...
* NOTE:  Avoid 1:...; use seq_len() or seq_along()
Found in files:
calculate_correlations.R (line 31, column 13)
calculate_correlations.R (line 32, column 15)
* Checking parsed R code in R directory, examples, vignettes... OK
* Checking function lengths... OK
* Checking man page documentation... OK
* Checking package NEWS...
* NOTE: Consider adding a NEWS file, so your package news will be included in Bioconductor release announcements.
* Checking unit tests... OK
* Checking skip_on_bioc() in tests... OK
* Checking formatting of DESCRIPTION, NAMESPACE, man pages, R source, and vignette source...
* NOTE: Consider shorter lines; 16 lines (11%) are > 80 characters long.
First few lines:
R/calculate_correlations.R#L 4 #' This function calculates the correlat...
R/calculate_correlations.R#L 6 #' @param df1 A data frame containing th...
R/calculate_correlations.R#L 7 #' @param df2 A data frame containing th...
R/calculate_correlations.R#L 8 #' @param method (optional) The correlat...
R/calculate_correlations.R#L 9 #' @param adjust_method (optional) The m...
R/calculate_correlations.R#L14 #' @return$p_value_adj Matrix of adjuste...
R/calculate_correlations.R#L15 #' @return$signif_matrix Matrix indicati...
R/calculate_correlations.R#L19 #' result_list <- calculate_correlations...
R/calculate_correlations.R#L22 calculate_correlations <- function(df1, ...
man/calculate_correlations.Rd#L10 \item{df1}{A data frame containing the f...
man/calculate_correlations.Rd#L12 \item{df2}{A data frame containing the s...
man/calculate_correlations.Rd#L14 \item{method}{(optional) The correlation...
man/calculate_correlations.Rd#L16 \item{adjust_method}{(optional) The meth...
man/calculate_correlations.Rd#L30 This function calculates the correlation...
man/OmniCorr-package.Rd#L 9 This function takes in two data frames d...
man/OmniCorr-package.Rd#L20 \strong{Maintainer}: Shashank Gupta \ema...
* NOTE: Consider multiples of 4 spaces for line indents; 33 lines (22%) are not.
First few lines:
R/calculate_correlations.R#L23   # Calculate correlation matrix...
R/calculate_correlations.R#L24   cor_mat <- cor(df1, df2, method=method...
R/calculate_correlations.R#L26   # Calculate p-values and adjust for mu...
R/calculate_correlations.R#L27   p_val_mat <- matrix(ncol=ncol(df2), nr...
R/calculate_correlations.R#L28                       dimnames=list(coln...
R/calculate_correlations.R#L29   corr_val_mat <- p_val_mat...
R/calculate_correlations.R#L31   for (i in 1:ncol(df1)) {...
R/calculate_correlations.R#L33       cor_res <- cor.test(df1[,i], df2[,...
R/calculate_correlations.R#L34       p_val_mat[i,j] <- cor_res$p.value...
R/calculate_correlations.R#L35       corr_val_mat[i,j] <- cor_res$estim...
R/calculate_correlations.R#L37   }...
R/calculate_correlations.R#L39   p_val_adj_mat <- p.adjust(p_val_mat, m...
R/calculate_correlations.R#L41   # Add significance level....
R/calculate_correlations.R#L42   # One star means a p-value of less tha...
R/calculate_correlations.R#L43   # Two stars is less than 0.01, and thr...
R/calculate_correlations.R#L44   signif_matrix <- rep("", length(p_val_...
R/calculate_correlations.R#L45   three_star <- which(p_val_mat <= 0.001...
R/calculate_correlations.R#L46   signif_matrix[three_star] <- "***"...
R/calculate_correlations.R#L47   two_star <- which((p_val_mat <= 0.01) ...
R/calculate_correlations.R#L48   signif_matrix[two_star] <- "**"...
R/calculate_correlations.R#L49   one_star <- which((p_val_mat <= 0.05) ...
R/calculate_correlations.R#L50   signif_matrix[one_star] <- "*"...
R/calculate_correlations.R#L51   dim(signif_matrix) <- dim(p_val_mat) #...
R/calculate_correlations.R#L53   # Collect all results into a list...
R/calculate_correlations.R#L54   results <- list(p_value=p_val_mat,...
R/calculate_correlations.R#L55                   p_value_adj=p_val_adj_...
R/calculate_correlations.R#L56                   signif_matrix=signif_m...
R/calculate_correlations.R#L57                   correlation=corr_val_m...
R/calculate_correlations.R#L59   return(results)...
man/OmniCorr-package.Rd#L14   \item \url{https://github.com/shashank...
man/OmniCorr-package.Rd#L15   \item Report bugs at \url{https://gith...
vignettes/OmniCorr.Rmd#L 4   collapse = TRUE,...
vignettes/OmniCorr.Rmd#L 5   comment = "#>"...
* Checking if package already exists in CRAN... OK
* Checking for bioc-devel mailing list subscription...
* NOTE: Cannot determine whether maintainer is subscribed to the Bioc-Devel mailing list (requires admin credentials). Subscribe here: https://stat.ethz.ch/mailman/listinfo/bioc-devel
* Checking for support site registration...
* ERROR: Maintainer must add package name to Watched Tags on the support site; Edit your Support Site User Profile to add Watched Tags.
